<?xml version="1.0" encoding="UTF-8"?>
<!-- Generated by org.testng.reporters.JUnitReportReporter -->
<testsuite hostname="IMPC1621" failures="0" tests="1" name="devOps.SampleTest" time="9.279" errors="0" timestamp="17 Apr 2018 13:39:28 GMT" skipped="0">
  <testcase classname="devOps.SampleTest" name="f" time="9.279"/>
</testsuite> <!-- devOps.SampleTest -->
